14:09:31 **** Incremental Build of configuration Debug for project DustCollectorSwitch ****
make all 
Building file: ../Startup_Code/console.cpp
Invoking: ARM C++ Compiler
arm-none-eabi-g++ -mcpu=cortex-m4 -mthumb -g3 -fcallgraph-info=su -O0 -ffunction-sections -fdata-sections -fno-rtti -Wall -Wextra -DDEBUG_BUILD -I"../Sources" -I"../Project_Headers" -fno-exceptions -std=c++17 -c -fmessage-length=0 -MT"Startup_Code/console.o" -MMD -MP -MF"Startup_Code/console.d" -MT"Startup_Code/console.o"  -o "Startup_Code/console.o" ../Startup_Code/console.cpp
Finished building: ../Startup_Code/console.cpp
 
Building file: ../Startup_Code/mcg.cpp
Invoking: ARM C++ Compiler
arm-none-eabi-g++ -mcpu=cortex-m4 -mthumb -g3 -fcallgraph-info=su -O0 -ffunction-sections -fdata-sections -fno-rtti -Wall -Wextra -DDEBUG_BUILD -I"../Sources" -I"../Project_Headers" -fno-exceptions -std=c++17 -c -fmessage-length=0 -MT"Startup_Code/mcg.o" -MMD -MP -MF"Startup_Code/mcg.d" -MT"Startup_Code/mcg.o"  -o "Startup_Code/mcg.o" ../Startup_Code/mcg.cpp
Finished building: ../Startup_Code/mcg.cpp
 
Building file: ../Startup_Code/rtc.cpp
Invoking: ARM C++ Compiler
arm-none-eabi-g++ -mcpu=cortex-m4 -mthumb -g3 -fcallgraph-info=su -O0 -ffunction-sections -fdata-sections -fno-rtti -Wall -Wextra -DDEBUG_BUILD -I"../Sources" -I"../Project_Headers" -fno-exceptions -std=c++17 -c -fmessage-length=0 -MT"Startup_Code/rtc.o" -MMD -MP -MF"Startup_Code/rtc.d" -MT"Startup_Code/rtc.o"  -o "Startup_Code/rtc.o" ../Startup_Code/rtc.cpp
Finished building: ../Startup_Code/rtc.cpp
 
Building file: ../Startup_Code/security.c
Invoking: ARM C Compiler
arm-none-eabi-gcc -mcpu=cortex-m4 -mthumb -g3 -fcallgraph-info=su -O0 -ffunction-sections -fdata-sections -Wall -Wextra -DDEBUG_BUILD -I"../Sources" -I"../Project_Headers" -std=c17 -c -fmessage-length=0 -MT"Startup_Code/security.o" -MMD -MP -MF"Startup_Code/security.d" -MT"Startup_Code/security.o"  -o "Startup_Code/security.o" ../Startup_Code/security.c
Finished building: ../Startup_Code/security.c
 
Building file: ../Startup_Code/system-gcc.cpp
Invoking: ARM C++ Compiler
arm-none-eabi-g++ -mcpu=cortex-m4 -mthumb -g3 -fcallgraph-info=su -O0 -ffunction-sections -fdata-sections -fno-rtti -Wall -Wextra -DDEBUG_BUILD -I"../Sources" -I"../Project_Headers" -fno-exceptions -std=c++17 -c -fmessage-length=0 -MT"Startup_Code/system-gcc.o" -MMD -MP -MF"Startup_Code/system-gcc.d" -MT"Startup_Code/system-gcc.o"  -o "Startup_Code/system-gcc.o" ../Startup_Code/system-gcc.cpp
Finished building: ../Startup_Code/system-gcc.cpp
 
Building file: ../Startup_Code/system.cpp
Invoking: ARM C++ Compiler
arm-none-eabi-g++ -mcpu=cortex-m4 -mthumb -g3 -fcallgraph-info=su -O0 -ffunction-sections -fdata-sections -fno-rtti -Wall -Wextra -DDEBUG_BUILD -I"../Sources" -I"../Project_Headers" -fno-exceptions -std=c++17 -c -fmessage-length=0 -MT"Startup_Code/system.o" -MMD -MP -MF"Startup_Code/system.d" -MT"Startup_Code/system.o"  -o "Startup_Code/system.o" ../Startup_Code/system.cpp
Finished building: ../Startup_Code/system.cpp
 
Building file: ../Startup_Code/vectors.cpp
Invoking: ARM C++ Compiler
arm-none-eabi-g++ -mcpu=cortex-m4 -mthumb -g3 -fcallgraph-info=su -O0 -ffunction-sections -fdata-sections -fno-rtti -Wall -Wextra -DDEBUG_BUILD -I"../Sources" -I"../Project_Headers" -fno-exceptions -std=c++17 -c -fmessage-length=0 -MT"Startup_Code/vectors.o" -MMD -MP -MF"Startup_Code/vectors.d" -MT"Startup_Code/vectors.o"  -o "Startup_Code/vectors.o" ../Startup_Code/vectors.cpp
Finished building: ../Startup_Code/vectors.cpp
 
Building file: ../Sources/delay.cpp
Invoking: ARM C++ Compiler
arm-none-eabi-g++ -mcpu=cortex-m4 -mthumb -g3 -fcallgraph-info=su -O0 -ffunction-sections -fdata-sections -fno-rtti -Wall -Wextra -DDEBUG_BUILD -I"../Sources" -I"../Project_Headers" -fno-exceptions -std=c++17 -c -fmessage-length=0 -MT"Sources/delay.o" -MMD -MP -MF"Sources/delay.d" -MT"Sources/delay.o"  -o "Sources/delay.o" ../Sources/delay.cpp
Finished building: ../Sources/delay.cpp
 
Building file: ../Sources/ftfl.cpp
Invoking: ARM C++ Compiler
arm-none-eabi-g++ -mcpu=cortex-m4 -mthumb -g3 -fcallgraph-info=su -O0 -ffunction-sections -fdata-sections -fno-rtti -Wall -Wextra -DDEBUG_BUILD -I"../Sources" -I"../Project_Headers" -fno-exceptions -std=c++17 -c -fmessage-length=0 -MT"Sources/ftfl.o" -MMD -MP -MF"Sources/ftfl.d" -MT"Sources/ftfl.o"  -o "Sources/ftfl.o" ../Sources/ftfl.cpp
Finished building: ../Sources/ftfl.cpp
 
Building file: ../Sources/hardware.cpp
Invoking: ARM C++ Compiler
arm-none-eabi-g++ -mcpu=cortex-m4 -mthumb -g3 -fcallgraph-info=su -O0 -ffunction-sections -fdata-sections -fno-rtti -Wall -Wextra -DDEBUG_BUILD -I"../Sources" -I"../Project_Headers" -fno-exceptions -std=c++17 -c -fmessage-length=0 -MT"Sources/hardware.o" -MMD -MP -MF"Sources/hardware.d" -MT"Sources/hardware.o"  -o "Sources/hardware.o" ../Sources/hardware.cpp
Finished building: ../Sources/hardware.cpp
 
Building file: ../Sources/i2c.cpp
Invoking: ARM C++ Compiler
arm-none-eabi-g++ -mcpu=cortex-m4 -mthumb -g3 -fcallgraph-info=su -O0 -ffunction-sections -fdata-sections -fno-rtti -Wall -Wextra -DDEBUG_BUILD -I"../Sources" -I"../Project_Headers" -fno-exceptions -std=c++17 -c -fmessage-length=0 -MT"Sources/i2c.o" -MMD -MP -MF"Sources/i2c.d" -MT"Sources/i2c.o"  -o "Sources/i2c.o" ../Sources/i2c.cpp
Finished building: ../Sources/i2c.cpp
 
Building file: ../Sources/main.cpp
Invoking: ARM C++ Compiler
arm-none-eabi-g++ -mcpu=cortex-m4 -mthumb -g3 -fcallgraph-info=su -O0 -ffunction-sections -fdata-sections -fno-rtti -Wall -Wextra -DDEBUG_BUILD -I"../Sources" -I"../Project_Headers" -fno-exceptions -std=c++17 -c -fmessage-length=0 -MT"Sources/main.o" -MMD -MP -MF"Sources/main.d" -MT"Sources/main.o"  -o "Sources/main.o" ../Sources/main.cpp
Finished building: ../Sources/main.cpp
 
Building file: ../Sources/spi.cpp
Invoking: ARM C++ Compiler
arm-none-eabi-g++ -mcpu=cortex-m4 -mthumb -g3 -fcallgraph-info=su -O0 -ffunction-sections -fdata-sections -fno-rtti -Wall -Wextra -DDEBUG_BUILD -I"../Sources" -I"../Project_Headers" -fno-exceptions -std=c++17 -c -fmessage-length=0 -MT"Sources/spi.o" -MMD -MP -MF"Sources/spi.d" -MT"Sources/spi.o"  -o "Sources/spi.o" ../Sources/spi.cpp
Finished building: ../Sources/spi.cpp
 
Building file: ../Sources/usbdmError.cpp
Invoking: ARM C++ Compiler
arm-none-eabi-g++ -mcpu=cortex-m4 -mthumb -g3 -fcallgraph-info=su -O0 -ffunction-sections -fdata-sections -fno-rtti -Wall -Wextra -DDEBUG_BUILD -I"../Sources" -I"../Project_Headers" -fno-exceptions -std=c++17 -c -fmessage-length=0 -MT"Sources/usbdmError.o" -MMD -MP -MF"Sources/usbdmError.d" -MT"Sources/usbdmError.o"  -o "Sources/usbdmError.o" ../Sources/usbdmError.cpp
Finished building: ../Sources/usbdmError.cpp
 
Building target: DustCollectorSwitch.elf
Invoking: ARM C++ Linker
arm-none-eabi-g++ -mcpu=cortex-m4 -mthumb -g3 -O0 -Wl,--gc-sections -L"../Project_Settings/Linker_Files" --specs=nano.specs -T "MemoryMap.ld" -Xlinker -Map="DustCollectorSwitch.map"  -o "DustCollectorSwitch.elf"  ./Startup_Code/console.o ./Startup_Code/mcg.o ./Startup_Code/newlib_stubs.o ./Startup_Code/rtc.o ./Startup_Code/security.o ./Startup_Code/startup_ARMLtdGCC.o ./Startup_Code/system-gcc.o ./Startup_Code/system.o ./Startup_Code/vectors.o  ./Sources/delay.o ./Sources/ftfl.o ./Sources/hardware.o ./Sources/i2c.o ./Sources/main.o ./Sources/spi.o ./Sources/usbdmError.o   
Finished building target: DustCollectorSwitch.elf
 
Invoking: ARM Sizer
arm-none-eabi-size "DustCollectorSwitch.elf" --format=sysv --radix=10   >"DustCollectorSwitch.size"
Finished building: DustCollectorSwitch.size
 
Invoking: ARM Symbol Table
arm-none-eabi-nm "DustCollectorSwitch.elf" --demangle --defined-only --extern-only --numeric-sort   >"DustCollectorSwitch.sym"
Finished building: DustCollectorSwitch.sym
 

14:09:36 Build Finished. 0 errors, 0 warnings. (took 5s.273ms)

